[      84ms] [ERROR] Failed to load resource: the server responded with a status of 500 (Internal Server Error) @ http://localhost:3000/:0
[     250ms] [INFO] %cDownload the React DevTools for a better development experience: https://reactjs.org/link/react-devtools font-weight:bold @ webpack-internal:///./node_modules/react-dom/cjs/react-dom.development.js:29889
[     283ms] Error: Cannot find module './682.js'
Require stack:
- /Users/georgebodistean/Documents/AI/Asamblor/.next/server/webpack-runtime.js
- /Users/georgebodistean/Documents/AI/Asamblor/.next/server/app/sitemap.xml/[[...__metadata_id__]]/route.js
- /Users/georgebodistean/Documents/AI/Asamblor/node_modules/next/dist/server/require.js
- /Users/georgebodistean/Documents/AI/Asamblor/node_modules/next/dist/server/load-components.js
- /Users/georgebodistean/Documents/AI/Asamblor/node_modules/next/dist/build/utils.js
- /Users/georgebodistean/Documents/AI/Asamblor/node_modules/next/dist/server/dev/hot-middleware.js
- /Users/georgebodistean/Documents/AI/Asamblor/node_modules/next/dist/server/dev/hot-reloader-webpack.js
- /Users/georgebodistean/Documents/AI/Asamblor/node_modules/next/dist/server/lib/router-utils/setup-dev-bundler.js
- /Users/georgebodistean/Documents/AI/Asamblor/node_modules/next/dist/server/lib/router-server.js
- /Users/georgebodistean/Documents/AI/Asamblor/node_modules/next/dist/server/lib/start-server.js
    at Module.<anonymous> (node:internal/modules/cjs/loader:1476:15)
    at <unknown> (file:///Users/georgebodistean/Documents/AI/Asamblor/node_modules/next/dist/server/require-hook.js:55:36)
    at wrapResolveFilename (node:internal/modules/cjs/loader:1049:27)
    at defaultResolveImplForCJSLoading (node:internal/modules/cjs/loader:1073:10)
    at resolveForCJSWithHooks (node:internal/modules/cjs/loader:1094:12)
    at Module._load (node:internal/modules/cjs/loader:1262:25)
    at wrapModuleLoad (node:internal/modules/cjs/loader:255:19)
    at Module.<anonymous> (node:internal/modules/cjs/loader:1576:12)
    at mod.require (file:///Users/georgebodistean/Documents/AI/Asamblor/node_modules/next/dist/server/require-hook.js:65:28)
    at require (node:internal/modules/helpers:153:16)
    at __webpack_require__.f.require (file:///Users/georgebodistean/Documents/AI/Asamblor/.next/server/webpack-runtime.js:203:28)
    at <unknown> (file:///Users/georgebodistean/Documents/AI/Asamblor/.next/server/webpack-runtime.js:116:40)
    at Array.reduce (<anonymous>)
    at __webpack_require__.e (file:///Users/georgebodistean/Documents/AI/Asamblor/.next/server/webpack-runtime.js:115:67)
    at Array.map (<anonymous>)
    at __webpack_require__.X (file:///Users/georgebodistean/Documents/AI/Asamblor/.next/server/webpack-runtime.js:167:22)
    at <unknown> (file:///Users/georgebodistean/Documents/AI/Asamblor/.next/server/pages/_document.js:1:335)
    at Object.<anonymous> (file:///Users/georgebodistean/Documents/AI/Asamblor/.next/server/pages/_document.js:1:376)
    at Module._compile (node:internal/modules/cjs/loader:1830:14)
    at Object..js (node:internal/modules/cjs/loader:1961:10)
    at Module.load (node:internal/modules/cjs/loader:1553:32)
    at Module._load (node:internal/modules/cjs/loader:1355:12)
    at wrapModuleLoad (node:internal/modules/cjs/loader:255:19)
    at Module.<anonymous> (node:internal/modules/cjs/loader:1576:12)
    at mod.require (file:///Users/georgebodistean/Documents/AI/Asamblor/node_modules/next/dist/server/require-hook.js:65:28)
    at require (node:internal/modules/helpers:153:16)
    at requirePage (file:///Users/georgebodistean/Documents/AI/Asamblor/node_modules/next/dist/server/require.js:109:84)
    at <unknown> (file:///Users/georgebodistean/Documents/AI/Asamblor/node_modules/next/dist/server/load-components.js:72:65)
    at async loadComponentsImpl (file:///Users/georgebodistean/Documents/AI/Asamblor/node_modules/next/dist/server/load-components.js:71:33)
    at async DevServer.findPageComponentsImpl (file:///Users/georgebodistean/Documents/AI/Asamblor/node_modules/next/dist/server/next-server.js:710:36)
[     283ms] [LOG] [HMR] connected @ webpack-internal:///./node_modules/next/dist/client/components/react-dev-overlay/pages/websocket.js:45
[     290ms] [ERROR] Failed to load resource: the server responded with a status of 500 (Internal Server Error) @ http://localhost:3000/favicon.ico:0
[   21161ms] [ERROR] WebSocket connection to 'ws://localhost:3000/_next/webpack-hmr' failed: Error in connection establishment: net::ERR_CONNECTION_REFUSED @ webpack-internal:///./node_modules/next/dist/client/components/react-dev-overlay/pages/websocket.js:76
[   22813ms] [LOG] [HMR] connected @ webpack-internal:///./node_modules/next/dist/client/components/react-dev-overlay/pages/websocket.js:45
[   23608ms] [LOG] [Fast Refresh] rebuilding @ webpack-internal:///./node_modules/next/dist/client/components/react-dev-overlay/pages/hot-reloader-client.js:221
[   25613ms] [LOG] [Fast Refresh] rebuilding @ webpack-internal:///./node_modules/next/dist/client/components/react-dev-overlay/pages/hot-reloader-client.js:221
[   25700ms] [ERROR] Failed to load resource: the server responded with a status of 404 (Not Found) @ http://localhost:3000/_next/static/webpack/0d936178979bc873.webpack.hot-update.json:0
[   25700ms] [WARNING] [Fast Refresh] performing full reload because your application had an unrecoverable error @ webpack-internal:///./node_modules/next/dist/client/components/react-dev-overlay/pages/hot-reloader-client.js:349
[   26689ms] [LOG] [Fast Refresh] rebuilding @ webpack-internal:///./node_modules/next/dist/client/components/react-dev-overlay/pages/hot-reloader-client.js:221
[   27528ms] [ERROR] Failed to load resource: the server responded with a status of 404 (Not Found) @ http://localhost:3000/_next/static/webpack/0d936178979bc873.webpack.hot-update.json:0
[   27528ms] [WARNING] [Fast Refresh] performing full reload because your application had an unrecoverable error @ webpack-internal:///./node_modules/next/dist/client/components/react-dev-overlay/pages/hot-reloader-client.js:349
[   27919ms] [INFO] %cDownload the React DevTools for a better development experience: https://reactjs.org/link/react-devtools font-weight:bold @ webpack-internal:///(app-pages-browser)/./node_modules/next/dist/compiled/react-dom/cjs/react-dom.development.js:38559
[   28809ms] [ERROR] Failed to load resource: the server responded with a status of 500 (Internal Server Error) @ http://localhost:3000/favicon.ico:0
